<?xml version="1.0" encoding="UTF-8"?>
<!-- Generated by org.testng.reporters.JUnitXMLReporter -->
<testsuite ignored="1" hostname="LAPTOP-5AP2L8LH" failures="0" tests="6" name="Car loan" time="0.067" errors="0" timestamp="2021-10-02T21:45:16 EDT">
  <testcase classname="Test.day3" name="MobileLogincar" time="0.003"/>
  <testcase classname="Test.day3" name="Mobilecar" time="0.002"/>
  <testcase classname="Test.day3" name="Mobiledancecar" time="0.001"/>
  <testcase classname="Test.day3" name="Mobiledancecar" time="0.003"/>
  <testcase classname="Test.day3" name="Mobiledancecar" time="0.001"/>
  <testcase classname="Test.day3" name="Mobilesetcar" time="0.001"/>
  <testcase classname="Test.day3" name="WebLoginCar" time="0.0">
    <ignored/>
  </testcase> <!-- WebLoginCar -->
</testsuite> <!-- Car loan -->
