<?xml version="1.0" encoding="UTF-8"?>
<!-- Generated by org.testng.reporters.JUnitXMLReporter -->
<testsuite ignored="10" hostname="LAPTOP-5AP2L8LH" failures="0" tests="2" name="Regression" time="0.05" errors="0" timestamp="2021-10-02T17:21:39 EDT">
  <testcase classname="Test.day3" name="Mobilecar" time="0.008"/>
  <testcase classname="Test.day4" name="MobileLoginhome" time="0.001"/>
  <testcase classname="Test.day1" name="Demo" time="0.0">
    <ignored/>
  </testcase> <!-- Demo -->
  <testcase classname="Test.day1" name="SecondTest" time="0.0">
    <ignored/>
  </testcase> <!-- SecondTest -->
  <testcase classname="Test.day2" name="parameter" time="0.0">
    <ignored/>
  </testcase> <!-- parameter -->
  <testcase classname="Test.day3" name="WebLoginCar" time="0.0">
    <ignored/>
  </testcase> <!-- WebLoginCar -->
  <testcase classname="Test.day3" name="MobileLogincar" time="0.0">
    <ignored/>
  </testcase> <!-- MobileLogincar -->
  <testcase classname="Test.day4" name="WebLoginhome" time="0.0">
    <ignored/>
  </testcase> <!-- WebLoginhome -->
  <testcase classname="Test.day3" name="Mobiledancecar" time="0.0">
    <ignored/>
  </testcase> <!-- Mobiledancecar -->
  <testcase classname="Test.day3" name="Mobilesetcar" time="0.0">
    <ignored/>
  </testcase> <!-- Mobilesetcar -->
  <testcase classname="Test.day2" name="ploan" time="0.0">
    <ignored/>
  </testcase> <!-- ploan -->
  <testcase classname="Test.day4" name="LoginAPIcarloanhome" time="0.0">
    <ignored/>
  </testcase> <!-- LoginAPIcarloanhome -->
</testsuite> <!-- Regression -->
